<?xml version="1.0" encoding="UTF-8"?>
<!-- Generated by org.testng.reporters.JUnitXMLReporter -->
<testsuite ignored="1" hostname="LAPTOP-0L6P5AEA" failures="0" tests="4" name="OrangeHRMMyInfo" time="2.385" errors="0" timestamp="2023-10-24T22:35:54 IST">
  <testcase classname="testng.Annotations" name="LaunchApp" time="0.0">
    <skipped/>
  </testcase> <!-- LaunchApp -->
  <testcase classname="testng.Annotations" name="EnterLoginDetails" time="0.0">
    <skipped/>
  </testcase> <!-- EnterLoginDetails -->
  <testcase classname="testng.Annotations" name="NavigateToMyInfo" time="0.0">
    <skipped/>
  </testcase> <!-- NavigateToMyInfo -->
  <testcase classname="testng.Annotations" name="VerifyMyInfo" time="0.0">
    <skipped/>
  </testcase> <!-- VerifyMyInfo -->
  <testcase classname="testng.Annotations" name="VerifyLogin" time="0.0">
    <ignored/>
  </testcase> <!-- VerifyLogin -->
</testsuite> <!-- OrangeHRMMyInfo -->
