<?xml version="1.0" encoding="UTF-8"?>
<!-- Generated by org.testng.reporters.JUnitXMLReporter -->
<testsuite ignored="2" hostname="LAPTOP-0L6P5AEA" failures="0" tests="1" name="Test1" time="25.674" errors="0" timestamp="2023-01-13T17:26:57 IST">
  <testcase classname="testng.CapatureScreenShot" name="TestGoogle" time="12.096"/>
  <testcase classname="testng.CapatureScreenShot" name="TestFacebook" time="0.0">
    <ignored/>
  </testcase> <!-- TestFacebook -->
  <testcase classname="testng.CapatureScreenShot" name="TestOrangeHRM" time="0.0">
    <ignored/>
  </testcase> <!-- TestOrangeHRM -->
</testsuite> <!-- Test1 -->
